<?xml version="1.0" encoding="UTF-8"?>
<!-- Generated by org.testng.reporters.JUnitReportReporter -->
<testsuite hostname="DESKTOP-varun" failures="0" tests="1" name="Demo.DynamicJson" time="4.357" errors="0" timestamp="2021-12-01T21:44:28 IST" skipped="0">
  <testcase classname="Demo.DynamicJson" name="addBook" time="4.357"/>
  <system-out/>
</testsuite> <!-- Demo.DynamicJson -->
