<?xml version="1.0" encoding="UTF-8"?>
<!-- Generated by org.testng.reporters.JUnitReportReporter -->
<testsuite hostname="DESKTOP-varun" failures="0" tests="1" name="Jira.EstablishSession" time="5.286" errors="0" timestamp="2021-12-03T15:48:33 IST" skipped="0">
  <testcase classname="Jira.EstablishSession" name="login" time="5.286"/>
  <system-out/>
</testsuite> <!-- Jira.EstablishSession -->
