<?xml version="1.0" encoding="UTF-8"?>
<!-- Generated by org.testng.reporters.JUnitReportReporter -->
<testsuite hostname="DESKTOP-varun" failures="0" tests="3" name="Demo.DynamiJsonWithDataprovider" time="4.833" errors="0" timestamp="2021-12-01T22:14:35 IST" skipped="0">
  <testcase classname="Demo.DynamiJsonWithDataprovider" name="addBook" time="0.279"/>
  <system-out/>
  <testcase classname="Demo.DynamiJsonWithDataprovider" name="addBook" time="4.192"/>
  <system-out/>
  <testcase classname="Demo.DynamiJsonWithDataprovider" name="addBook" time="0.362"/>
  <system-out/>
</testsuite> <!-- Demo.DynamiJsonWithDataprovider -->
