<?xml version="1.0" encoding="UTF-8"?>
<!-- Generated by org.testng.reporters.JUnitReportReporter -->
<testsuite hostname="DESKTOP-varun" failures="0" tests="1" name="pojoMaps.PlaceAddToSite" time="4.943" errors="0" timestamp="2021-12-07T13:08:46 IST" skipped="0">
  <testcase classname="pojoMaps.PlaceAddToSite" name="ADDPLACE" time="4.943"/>
  <system-out/>
</testsuite> <!-- pojoMaps.PlaceAddToSite -->
